[0.137s] DEBUG:colcon:Command line arguments: ['/usr/bin/colcon', 'build', '--symlink-install']
[0.137s] DEBUG:colcon:Parsed command line arguments: Namespace(log_base=None, log_level=None, verb_name='build', build_base='build', install_base='install', merge_install=False, symlink_install=True, test_result_base=None, continue_on_error=False, executor='parallel', parallel_workers=4, event_handlers=None, ignore_user_meta=False, metas=['./colcon.meta'], base_paths=['.'], packages_ignore=None, packages_ignore_regex=None, paths=None, packages_up_to=None, packages_up_to_regex=None, packages_above=None, packages_above_and_dependencies=None, packages_above_depth=None, packages_select_by_dep=None, packages_skip_by_dep=None, packages_skip_up_to=None, packages_select_build_failed=False, packages_skip_build_finished=False, packages_select_test_failures=False, packages_skip_test_passed=False, packages_select=None, packages_skip=None, packages_select_regex=None, packages_skip_regex=None, packages_start=None, packages_end=None, allow_overriding=[], cmake_args=None, cmake_target=None, cmake_target_skip_unavailable=False, cmake_clean_cache=False, cmake_clean_first=False, cmake_force_configure=False, ament_cmake_args=None, catkin_cmake_args=None, catkin_skip_building_tests=False, mixin_files=None, mixin=None, verb_parser=<colcon_mixin.mixin.mixin_argument.MixinArgumentDecorator object at 0x7b57ebc81370>, verb_extension=<colcon_core.verb.build.BuildVerb object at 0x7b57ebc83710>, main=<bound method BuildVerb.main of <colcon_core.verb.build.BuildVerb object at 0x7b57ebc83710>>, mixin_verb=('build',))
[0.177s] Level 1:colcon.colcon_core.package_discovery:discover_packages(colcon_meta) check parameters
[0.177s] Level 1:colcon.colcon_core.package_discovery:discover_packages(recursive) check parameters
[0.177s] Level 1:colcon.colcon_core.package_discovery:discover_packages(ignore) check parameters
[0.177s] Level 1:colcon.colcon_core.package_discovery:discover_packages(path) check parameters
[0.177s] Level 1:colcon.colcon_core.package_discovery:discover_packages(colcon_meta) discover
[0.177s] Level 1:colcon.colcon_core.package_discovery:discover_packages(recursive) discover
[0.177s] INFO:colcon.colcon_core.package_discovery:Crawling recursively for packages in '/home/robolab-pc3/Documents/ws_dstf/src/package_dstf'
[0.177s] Level 1:colcon.colcon_core.package_identification:_identify(.) by extensions ['ignore', 'ignore_ament_install']
[0.178s] Level 1:colcon.colcon_core.package_identification:_identify(.) by extension 'ignore'
[0.178s] Level 1:colcon.colcon_core.package_identification:_identify(.) by extension 'ignore_ament_install'
[0.178s] Level 1:colcon.colcon_core.package_identification:_identify(.) by extensions ['colcon_pkg']
[0.178s] Level 1:colcon.colcon_core.package_identification:_identify(.) by extension 'colcon_pkg'
[0.178s] Level 1:colcon.colcon_core.package_identification:_identify(.) by extensions ['colcon_meta']
[0.178s] Level 1:colcon.colcon_core.package_identification:_identify(.) by extension 'colcon_meta'
[0.178s] Level 1:colcon.colcon_core.package_identification:_identify(.) by extensions ['ros']
[0.178s] Level 1:colcon.colcon_core.package_identification:_identify(.) by extension 'ros'
[0.245s] DEBUG:colcon.colcon_core.package_identification:Package '.' with type 'ros.ament_cmake' and name 'package_dstf'
[0.245s] Level 1:colcon.colcon_core.package_discovery:discover_packages(recursive) using defaults
[0.245s] Level 1:colcon.colcon_core.package_discovery:discover_packages(ignore) discover
[0.245s] Level 1:colcon.colcon_core.package_discovery:discover_packages(ignore) using defaults
[0.245s] Level 1:colcon.colcon_core.package_discovery:discover_packages(path) discover
[0.245s] Level 1:colcon.colcon_core.package_discovery:discover_packages(path) using defaults
[0.265s] Level 1:colcon.colcon_core.package_discovery:discover_packages(prefix_path) check parameters
[0.265s] Level 1:colcon.colcon_core.package_discovery:discover_packages(prefix_path) discover
[0.268s] DEBUG:colcon.colcon_installed_package_information.package_discovery:Found 288 installed packages in /opt/ros/jazzy
[0.269s] Level 1:colcon.colcon_core.package_discovery:discover_packages(prefix_path) using defaults
[0.319s] Level 5:colcon.colcon_core.verb:set package 'package_dstf' build argument 'cmake_args' from command line to 'None'
[0.320s] Level 5:colcon.colcon_core.verb:set package 'package_dstf' build argument 'cmake_target' from command line to 'None'
[0.320s] Level 5:colcon.colcon_core.verb:set package 'package_dstf' build argument 'cmake_target_skip_unavailable' from command line to 'False'
[0.320s] Level 5:colcon.colcon_core.verb:set package 'package_dstf' build argument 'cmake_clean_cache' from command line to 'False'
[0.320s] Level 5:colcon.colcon_core.verb:set package 'package_dstf' build argument 'cmake_clean_first' from command line to 'False'
[0.320s] Level 5:colcon.colcon_core.verb:set package 'package_dstf' build argument 'cmake_force_configure' from command line to 'False'
[0.320s] Level 5:colcon.colcon_core.verb:set package 'package_dstf' build argument 'ament_cmake_args' from command line to 'None'
[0.320s] Level 5:colcon.colcon_core.verb:set package 'package_dstf' build argument 'catkin_cmake_args' from command line to 'None'
[0.320s] Level 5:colcon.colcon_core.verb:set package 'package_dstf' build argument 'catkin_skip_building_tests' from command line to 'False'
[0.320s] DEBUG:colcon.colcon_core.verb:Building package 'package_dstf' with the following arguments: {'ament_cmake_args': None, 'build_base': '/home/robolab-pc3/Documents/ws_dstf/src/package_dstf/build/package_dstf', 'catkin_cmake_args': None, 'catkin_skip_building_tests': False, 'cmake_args': None, 'cmake_clean_cache': False, 'cmake_clean_first': False, 'cmake_force_configure': False, 'cmake_target': None, 'cmake_target_skip_unavailable': False, 'install_base': '/home/robolab-pc3/Documents/ws_dstf/src/package_dstf/install/package_dstf', 'merge_install': False, 'path': '/home/robolab-pc3/Documents/ws_dstf/src/package_dstf', 'symlink_install': True, 'test_result_base': None}
[0.320s] INFO:colcon.colcon_core.executor:Executing jobs using 'parallel' executor
[0.321s] DEBUG:colcon.colcon_parallel_executor.executor.parallel:run_until_complete
[0.321s] INFO:colcon.colcon_ros.task.ament_cmake.build:Building ROS package in '/home/robolab-pc3/Documents/ws_dstf/src/package_dstf' with build type 'ament_cmake'
[0.321s] INFO:colcon.colcon_cmake.task.cmake.build:Building CMake package in '/home/robolab-pc3/Documents/ws_dstf/src/package_dstf'
[0.323s] INFO:colcon.colcon_core.plugin_system:Skipping extension 'colcon_core.shell.bat': Not used on non-Windows systems
[0.324s] INFO:colcon.colcon_core.shell:Skip shell extension 'powershell' for command environment: Not usable outside of PowerShell
[0.324s] DEBUG:colcon.colcon_core.shell:Skip shell extension 'dsv' for command environment
[0.354s] DEBUG:colcon.colcon_core.event_handler.log_command:Invoking command in '/home/robolab-pc3/Documents/ws_dstf/src/package_dstf/build/package_dstf': CMAKE_PREFIX_PATH=${CMAKE_PREFIX_PATH}:/opt/ros/jazzy /usr/bin/cmake /home/robolab-pc3/Documents/ws_dstf/src/package_dstf -DAMENT_CMAKE_SYMLINK_INSTALL=1 -DCMAKE_INSTALL_PREFIX=/home/robolab-pc3/Documents/ws_dstf/src/package_dstf/install/package_dstf
[1.690s] DEBUG:colcon.colcon_core.event_handler.log_command:Invoked command in '/home/robolab-pc3/Documents/ws_dstf/src/package_dstf/build/package_dstf' returned '0': CMAKE_PREFIX_PATH=${CMAKE_PREFIX_PATH}:/opt/ros/jazzy /usr/bin/cmake /home/robolab-pc3/Documents/ws_dstf/src/package_dstf -DAMENT_CMAKE_SYMLINK_INSTALL=1 -DCMAKE_INSTALL_PREFIX=/home/robolab-pc3/Documents/ws_dstf/src/package_dstf/install/package_dstf
[1.691s] DEBUG:colcon.colcon_core.event_handler.log_command:Invoking command in '/home/robolab-pc3/Documents/ws_dstf/src/package_dstf/build/package_dstf': CMAKE_PREFIX_PATH=${CMAKE_PREFIX_PATH}:/opt/ros/jazzy /usr/bin/cmake --build /home/robolab-pc3/Documents/ws_dstf/src/package_dstf/build/package_dstf -- -j4 -l4
[1.740s] DEBUG:colcon.colcon_core.event_handler.log_command:Invoked command in '/home/robolab-pc3/Documents/ws_dstf/src/package_dstf/build/package_dstf' returned '0': CMAKE_PREFIX_PATH=${CMAKE_PREFIX_PATH}:/opt/ros/jazzy /usr/bin/cmake --build /home/robolab-pc3/Documents/ws_dstf/src/package_dstf/build/package_dstf -- -j4 -l4
[1.773s] DEBUG:colcon.colcon_core.event_handler.log_command:Invoking command in '/home/robolab-pc3/Documents/ws_dstf/src/package_dstf/build/package_dstf': CMAKE_PREFIX_PATH=${CMAKE_PREFIX_PATH}:/opt/ros/jazzy /usr/bin/cmake --install /home/robolab-pc3/Documents/ws_dstf/src/package_dstf/build/package_dstf
[1.975s] Level 1:colcon.colcon_core.environment:create_environment_scripts_only(package_dstf)
[1.976s] DEBUG:colcon.colcon_core.event_handler.log_command:Invoked command in '/home/robolab-pc3/Documents/ws_dstf/src/package_dstf/build/package_dstf' returned '0': CMAKE_PREFIX_PATH=${CMAKE_PREFIX_PATH}:/opt/ros/jazzy /usr/bin/cmake --install /home/robolab-pc3/Documents/ws_dstf/src/package_dstf/build/package_dstf
[2.028s] Level 1:colcon.colcon_core.environment:checking '/home/robolab-pc3/Documents/ws_dstf/src/package_dstf/install/package_dstf' for CMake module files
[2.030s] Level 1:colcon.colcon_core.environment:checking '/home/robolab-pc3/Documents/ws_dstf/src/package_dstf/install/package_dstf' for CMake config files
[2.032s] Level 1:colcon.colcon_core.shell:create_environment_hook('package_dstf', 'cmake_prefix_path')
[2.032s] INFO:colcon.colcon_core.shell:Creating environment hook '/home/robolab-pc3/Documents/ws_dstf/src/package_dstf/install/package_dstf/share/package_dstf/hook/cmake_prefix_path.ps1'
[2.040s] INFO:colcon.colcon_core.shell:Creating environment descriptor '/home/robolab-pc3/Documents/ws_dstf/src/package_dstf/install/package_dstf/share/package_dstf/hook/cmake_prefix_path.dsv'
[2.049s] INFO:colcon.colcon_core.shell:Creating environment hook '/home/robolab-pc3/Documents/ws_dstf/src/package_dstf/install/package_dstf/share/package_dstf/hook/cmake_prefix_path.sh'
[2.050s] Level 1:colcon.colcon_core.environment:checking '/home/robolab-pc3/Documents/ws_dstf/src/package_dstf/install/package_dstf/bin'
[2.051s] Level 1:colcon.colcon_core.environment:checking '/home/robolab-pc3/Documents/ws_dstf/src/package_dstf/install/package_dstf/lib/pkgconfig/package_dstf.pc'
[2.051s] Level 1:colcon.colcon_core.environment:checking '/home/robolab-pc3/Documents/ws_dstf/src/package_dstf/install/package_dstf/lib/python3.12/site-packages'
[2.051s] Level 1:colcon.colcon_core.environment:checking '/home/robolab-pc3/Documents/ws_dstf/src/package_dstf/install/package_dstf/bin'
[2.051s] INFO:colcon.colcon_core.shell:Creating package script '/home/robolab-pc3/Documents/ws_dstf/src/package_dstf/install/package_dstf/share/package_dstf/package.ps1'
[2.053s] INFO:colcon.colcon_core.shell:Creating package descriptor '/home/robolab-pc3/Documents/ws_dstf/src/package_dstf/install/package_dstf/share/package_dstf/package.dsv'
[2.054s] INFO:colcon.colcon_core.shell:Creating package script '/home/robolab-pc3/Documents/ws_dstf/src/package_dstf/install/package_dstf/share/package_dstf/package.sh'
[2.055s] INFO:colcon.colcon_core.shell:Creating package script '/home/robolab-pc3/Documents/ws_dstf/src/package_dstf/install/package_dstf/share/package_dstf/package.bash'
[2.067s] INFO:colcon.colcon_core.shell:Creating package script '/home/robolab-pc3/Documents/ws_dstf/src/package_dstf/install/package_dstf/share/package_dstf/package.zsh'
[2.071s] Level 1:colcon.colcon_core.environment:create_file_with_runtime_dependencies(/home/robolab-pc3/Documents/ws_dstf/src/package_dstf/install/package_dstf/share/colcon-core/packages/package_dstf)
[2.101s] Level 1:colcon.colcon_core.environment:create_environment_scripts_only(package_dstf)
[2.101s] Level 1:colcon.colcon_core.environment:checking '/home/robolab-pc3/Documents/ws_dstf/src/package_dstf/install/package_dstf' for CMake module files
[2.101s] Level 1:colcon.colcon_core.environment:checking '/home/robolab-pc3/Documents/ws_dstf/src/package_dstf/install/package_dstf' for CMake config files
[2.102s] Level 1:colcon.colcon_core.shell:create_environment_hook('package_dstf', 'cmake_prefix_path')
[2.102s] INFO:colcon.colcon_core.shell:Creating environment hook '/home/robolab-pc3/Documents/ws_dstf/src/package_dstf/install/package_dstf/share/package_dstf/hook/cmake_prefix_path.ps1'
[2.103s] INFO:colcon.colcon_core.shell:Creating environment descriptor '/home/robolab-pc3/Documents/ws_dstf/src/package_dstf/install/package_dstf/share/package_dstf/hook/cmake_prefix_path.dsv'
[2.103s] INFO:colcon.colcon_core.shell:Creating environment hook '/home/robolab-pc3/Documents/ws_dstf/src/package_dstf/install/package_dstf/share/package_dstf/hook/cmake_prefix_path.sh'
[2.104s] Level 1:colcon.colcon_core.environment:checking '/home/robolab-pc3/Documents/ws_dstf/src/package_dstf/install/package_dstf/bin'
[2.104s] Level 1:colcon.colcon_core.environment:checking '/home/robolab-pc3/Documents/ws_dstf/src/package_dstf/install/package_dstf/lib/pkgconfig/package_dstf.pc'
[2.104s] Level 1:colcon.colcon_core.environment:checking '/home/robolab-pc3/Documents/ws_dstf/src/package_dstf/install/package_dstf/lib/python3.12/site-packages'
[2.105s] Level 1:colcon.colcon_core.environment:checking '/home/robolab-pc3/Documents/ws_dstf/src/package_dstf/install/package_dstf/bin'
[2.105s] INFO:colcon.colcon_core.shell:Creating package script '/home/robolab-pc3/Documents/ws_dstf/src/package_dstf/install/package_dstf/share/package_dstf/package.ps1'
[2.105s] INFO:colcon.colcon_core.shell:Creating package descriptor '/home/robolab-pc3/Documents/ws_dstf/src/package_dstf/install/package_dstf/share/package_dstf/package.dsv'
[2.106s] INFO:colcon.colcon_core.shell:Creating package script '/home/robolab-pc3/Documents/ws_dstf/src/package_dstf/install/package_dstf/share/package_dstf/package.sh'
[2.106s] INFO:colcon.colcon_core.shell:Creating package script '/home/robolab-pc3/Documents/ws_dstf/src/package_dstf/install/package_dstf/share/package_dstf/package.bash'
[2.107s] INFO:colcon.colcon_core.shell:Creating package script '/home/robolab-pc3/Documents/ws_dstf/src/package_dstf/install/package_dstf/share/package_dstf/package.zsh'
[2.107s] Level 1:colcon.colcon_core.environment:create_file_with_runtime_dependencies(/home/robolab-pc3/Documents/ws_dstf/src/package_dstf/install/package_dstf/share/colcon-core/packages/package_dstf)
[2.107s] DEBUG:colcon.colcon_parallel_executor.executor.parallel:closing loop
[2.108s] DEBUG:colcon.colcon_parallel_executor.executor.parallel:loop closed
[2.109s] DEBUG:colcon.colcon_parallel_executor.executor.parallel:run_until_complete finished with '0'
[2.109s] DEBUG:colcon.colcon_core.event_reactor:joining thread
[2.115s] INFO:colcon.colcon_core.plugin_system:Skipping extension 'colcon_notification.desktop_notification.terminal_notifier': Not used on non-Darwin systems
[2.115s] INFO:colcon.colcon_core.plugin_system:Skipping extension 'colcon_notification.desktop_notification.win32': Not used on non-Windows systems
[2.115s] INFO:colcon.colcon_notification.desktop_notification:Sending desktop notification using 'notify2'
[2.121s] DEBUG:colcon.colcon_core.event_reactor:joined thread
[2.121s] INFO:colcon.colcon_core.shell:Creating prefix script '/home/robolab-pc3/Documents/ws_dstf/src/package_dstf/install/local_setup.ps1'
[2.123s] INFO:colcon.colcon_core.shell:Creating prefix util module '/home/robolab-pc3/Documents/ws_dstf/src/package_dstf/install/_local_setup_util_ps1.py'
[2.126s] INFO:colcon.colcon_core.shell:Creating prefix chain script '/home/robolab-pc3/Documents/ws_dstf/src/package_dstf/install/setup.ps1'
[2.127s] INFO:colcon.colcon_core.shell:Creating prefix script '/home/robolab-pc3/Documents/ws_dstf/src/package_dstf/install/local_setup.sh'
[2.128s] INFO:colcon.colcon_core.shell:Creating prefix util module '/home/robolab-pc3/Documents/ws_dstf/src/package_dstf/install/_local_setup_util_sh.py'
[2.128s] INFO:colcon.colcon_core.shell:Creating prefix chain script '/home/robolab-pc3/Documents/ws_dstf/src/package_dstf/install/setup.sh'
[2.129s] INFO:colcon.colcon_core.shell:Creating prefix script '/home/robolab-pc3/Documents/ws_dstf/src/package_dstf/install/local_setup.bash'
[2.130s] INFO:colcon.colcon_core.shell:Creating prefix chain script '/home/robolab-pc3/Documents/ws_dstf/src/package_dstf/install/setup.bash'
[2.131s] INFO:colcon.colcon_core.shell:Creating prefix script '/home/robolab-pc3/Documents/ws_dstf/src/package_dstf/install/local_setup.zsh'
[2.131s] INFO:colcon.colcon_core.shell:Creating prefix chain script '/home/robolab-pc3/Documents/ws_dstf/src/package_dstf/install/setup.zsh'
